[ 2014-01-02T16:08:15+08:00 ] 127.0.0.1 /index.php/Base/verify_code
INFO: [ route_check ] --START--
INFO: Run CheckRoute Behavior [ RunTime:0.000460s ]
INFO: [ route_check ] --END-- [ RunTime:0.000529s ]
INFO: [ app_begin ] --START--
INFO: Run ReadHtmlCache Behavior [ RunTime:0.000291s ]
INFO: [ app_begin ] --END-- [ RunTime:0.000335s ]

[ 2014-01-02T16:09:23+08:00 ] 127.0.0.1 /
INFO: [ app_begin ] --START--
INFO: Run ReadHtmlCache Behavior [ RunTime:0.000275s ]
INFO: [ app_begin ] --END-- [ RunTime:0.000336s ]

[ 2014-01-02T16:09:28+08:00 ] 127.0.0.1 /
INFO: [ app_begin ] --START--
INFO: Run ReadHtmlCache Behavior [ RunTime:0.000389s ]
INFO: [ app_begin ] --END-- [ RunTime:0.000482s ]

[ 2014-01-02T16:09:34+08:00 ] 127.0.0.1 /
INFO: [ app_begin ] --START--
INFO: Run ReadHtmlCache Behavior [ RunTime:0.000280s ]
INFO: [ app_begin ] --END-- [ RunTime:0.000345s ]

[ 2014-01-02T16:10:42+08:00 ] 127.0.0.1 /
INFO: [ app_begin ] --START--
INFO: Run ReadHtmlCache Behavior [ RunTime:0.000279s ]
INFO: [ app_begin ] --END-- [ RunTime:0.000335s ]

[ 2014-01-02T16:14:16+08:00 ] 127.0.0.1 /
INFO: [ app_begin ] --START--
INFO: Run ReadHtmlCache Behavior [ RunTime:0.000269s ]
INFO: [ app_begin ] --END-- [ RunTime:0.000327s ]

[ 2014-01-02T16:15:20+08:00 ] 127.0.0.1 /
INFO: [ app_begin ] --START--
INFO: Run ReadHtmlCache Behavior [ RunTime:0.000276s ]
INFO: [ app_begin ] --END-- [ RunTime:0.000341s ]

[ 2014-01-02T16:15:38+08:00 ] 127.0.0.1 /
INFO: [ app_begin ] --START--
INFO: Run ReadHtmlCache Behavior [ RunTime:0.000302s ]
INFO: [ app_begin ] --END-- [ RunTime:0.000372s ]
INFO: [ view_template ] --START--
INFO: Run LocationTemplate Behavior [ RunTime:0.000164s ]
INFO: [ view_template ] --END-- [ RunTime:0.000211s ]
INFO: [ view_parse ] --START--
INFO: Run ParseTemplate Behavior [ RunTime:0.004044s ]
INFO: [ view_parse ] --END-- [ RunTime:0.004108s ]
INFO: [ view_filter ] --START--
INFO: Run ContentReplace Behavior [ RunTime:0.000190s ]
INFO: Run TokenBuild Behavior [ RunTime:0.000185s ]
INFO: Run WriteHtmlCache Behavior [ RunTime:0.000114s ]
INFO: Run ShowRuntime Behavior [ RunTime:0.000222s ]
INFO: [ view_filter ] --END-- [ RunTime:0.000822s ]
INFO: [ view_end ] --START--
INFO: Run ShowPageTrace Behavior [ RunTime:0.000319s ]
INFO: [ view_end ] --END-- [ RunTime:0.000361s ]

[ 2014-01-02T16:16:06+08:00 ] 127.0.0.1 /
INFO: [ app_begin ] --START--
INFO: Run ReadHtmlCache Behavior [ RunTime:0.000342s ]
INFO: [ app_begin ] --END-- [ RunTime:0.000428s ]
INFO: [ view_template ] --START--
INFO: Run LocationTemplate Behavior [ RunTime:0.000187s ]
INFO: [ view_template ] --END-- [ RunTime:0.000247s ]
INFO: [ view_parse ] --START--
INFO: Run ParseTemplate Behavior [ RunTime:0.004095s ]
INFO: [ view_parse ] --END-- [ RunTime:0.004161s ]
INFO: [ view_filter ] --START--
INFO: Run ContentReplace Behavior [ RunTime:0.000181s ]
INFO: Run TokenBuild Behavior [ RunTime:0.000174s ]
INFO: Run WriteHtmlCache Behavior [ RunTime:0.000104s ]
INFO: Run ShowRuntime Behavior [ RunTime:0.000213s ]
INFO: [ view_filter ] --END-- [ RunTime:0.000784s ]
INFO: [ view_end ] --START--
INFO: Run ShowPageTrace Behavior [ RunTime:0.000335s ]
INFO: [ view_end ] --END-- [ RunTime:0.000378s ]

