[ 2014-01-02T18:09:25+08:00 ] 127.0.0.1 /system.php/Index/cache
INFO: [ route_check ] --START--
INFO: Run CheckRoute Behavior [ RunTime:0.000455s ]
INFO: [ route_check ] --END-- [ RunTime:0.000527s ]
INFO: [ app_begin ] --START--
INFO: Run ReadHtmlCache Behavior [ RunTime:0.000281s ]
INFO: [ app_begin ] --END-- [ RunTime:0.000323s ]
NOTIC: [2] opendir(/var/www/peng/frwine/Cache/Home/Cache/): failed to open dir: No such file or directory /var/www/peng/frwine/Common/Functions/functions.php 第 86 行.
NOTIC: [2] opendir(/var/www/peng/frwine/Cache/Runtime/Home/~runtime.php): failed to open dir: No such file or directory /var/www/peng/frwine/Common/Functions/functions.php 第 86 行.

[ 2014-01-02T18:09:32+08:00 ] 127.0.0.1 /system.php/Index/cache
INFO: [ route_check ] --START--
INFO: Run CheckRoute Behavior [ RunTime:0.000550s ]
INFO: [ route_check ] --END-- [ RunTime:0.000655s ]
INFO: [ app_begin ] --START--
INFO: Run ReadHtmlCache Behavior [ RunTime:0.000378s ]
INFO: [ app_begin ] --END-- [ RunTime:0.000435s ]
INFO: [ view_template ] --START--
INFO: Run LocationTemplate Behavior [ RunTime:0.000227s ]
INFO: [ view_template ] --END-- [ RunTime:0.000291s ]
INFO: [ view_parse ] --START--
NOTIC: [8] Undefined variable: QRcodeUrl /var/www/peng/frwine/Cache/Runtime/Admin/Cache/b97ae299265eda2f6a10746b1b63af74.php 第 46 行.
NOTIC: [8] Undefined index: icp /var/www/peng/frwine/Cache/Runtime/Admin/Cache/b97ae299265eda2f6a10746b1b63af74.php 第 84 行.
INFO: Run ParseTemplate Behavior [ RunTime:0.008717s ]
INFO: [ view_parse ] --END-- [ RunTime:0.008773s ]
INFO: [ view_filter ] --START--
INFO: Run ContentReplace Behavior [ RunTime:0.000249s ]
INFO: Run TokenBuild Behavior [ RunTime:0.000238s ]
INFO: Run WriteHtmlCache Behavior [ RunTime:0.000105s ]
INFO: Run ShowRuntime Behavior [ RunTime:0.000214s ]
INFO: [ view_filter ] --END-- [ RunTime:0.000931s ]
INFO: [ view_end ] --START--
INFO: Run ShowPageTrace Behavior [ RunTime:0.000309s ]
INFO: [ view_end ] --END-- [ RunTime:0.000350s ]

[ 2014-01-02T18:09:37+08:00 ] 127.0.0.1 /system.php/News/index
INFO: [ route_check ] --START--
INFO: Run CheckRoute Behavior [ RunTime:0.000433s ]
INFO: [ route_check ] --END-- [ RunTime:0.000505s ]
INFO: [ app_begin ] --START--
INFO: Run ReadHtmlCache Behavior [ RunTime:0.000259s ]
INFO: [ app_begin ] --END-- [ RunTime:0.000300s ]
SQL: SHOW COLUMNS FROM `frw_news` [ RunTime:0.000600s ]
SQL: SELECT COUNT(*) AS tp_count FROM `frw_news` LIMIT 1   [ RunTime:0.000048s ]
SQL: SHOW COLUMNS FROM `frw_news` [ RunTime:0.000566s ]
SQL: SELECT `id`,`title`,`status`,`published`,`cid`,`aid` FROM `frw_news` ORDER BY `published` DESC LIMIT 0 , 20   [ RunTime:0.000052s ]
SQL: SHOW COLUMNS FROM `frw_admin` [ RunTime:0.000441s ]
SQL: SELECT `aid`,`email`,`nickname` FROM `frw_admin`  [ RunTime:0.000046s ]
SQL: SHOW COLUMNS FROM `frw_category` [ RunTime:0.000338s ]
SQL: SELECT `cid`,`name` FROM `frw_category`  [ RunTime:0.000049s ]
INFO: [ view_template ] --START--
INFO: Run LocationTemplate Behavior [ RunTime:0.000285s ]
INFO: [ view_template ] --END-- [ RunTime:0.000338s ]
INFO: [ view_parse ] --START--
NOTIC: [8] Undefined variable: QRcodeUrl /var/www/peng/frwine/Cache/Runtime/Admin/Cache/d3b5b5fcdd16b0cc54b5c023ccef8190.php 第 46 行.
NOTIC: [8] Undefined index: icp /var/www/peng/frwine/Cache/Runtime/Admin/Cache/d3b5b5fcdd16b0cc54b5c023ccef8190.php 第 81 行.
INFO: Run ParseTemplate Behavior [ RunTime:0.008066s ]
INFO: [ view_parse ] --END-- [ RunTime:0.008145s ]
INFO: [ view_filter ] --START--
INFO: Run ContentReplace Behavior [ RunTime:0.000322s ]
INFO: Run TokenBuild Behavior [ RunTime:0.000215s ]
INFO: Run WriteHtmlCache Behavior [ RunTime:0.000110s ]
INFO: Run ShowRuntime Behavior [ RunTime:0.000237s ]
INFO: [ view_filter ] --END-- [ RunTime:0.001007s ]
INFO: [ view_end ] --START--
INFO: Run ShowPageTrace Behavior [ RunTime:0.000318s ]
INFO: [ view_end ] --END-- [ RunTime:0.000361s ]

[ 2014-01-02T18:10:43+08:00 ] 127.0.0.1 /system.php/News/index
INFO: [ route_check ] --START--
INFO: Run CheckRoute Behavior [ RunTime:0.000714s ]
INFO: [ route_check ] --END-- [ RunTime:0.000798s ]
INFO: [ app_begin ] --START--
INFO: Run ReadHtmlCache Behavior [ RunTime:0.000351s ]
INFO: [ app_begin ] --END-- [ RunTime:0.000407s ]
SQL: SHOW COLUMNS FROM `frw_news` [ RunTime:0.000729s ]
SQL: SELECT COUNT(*) AS tp_count FROM `frw_news` LIMIT 1   [ RunTime:0.000079s ]
SQL: SHOW COLUMNS FROM `frw_news` [ RunTime:0.000660s ]
SQL: SELECT `id`,`title`,`status`,`published`,`cid`,`aid` FROM `frw_news` ORDER BY `published` DESC LIMIT 0 , 20   [ RunTime:0.000052s ]
SQL: SHOW COLUMNS FROM `frw_admin` [ RunTime:0.000451s ]
SQL: SELECT `aid`,`email`,`nickname` FROM `frw_admin`  [ RunTime:0.000046s ]
SQL: SHOW COLUMNS FROM `frw_category` [ RunTime:0.000337s ]
SQL: SELECT `cid`,`name` FROM `frw_category`  [ RunTime:0.000048s ]
INFO: [ view_template ] --START--
INFO: Run LocationTemplate Behavior [ RunTime:0.000217s ]
INFO: [ view_template ] --END-- [ RunTime:0.000261s ]
INFO: [ view_parse ] --START--
NOTIC: [8] Undefined variable: QRcodeUrl /var/www/peng/frwine/Cache/Runtime/Admin/Cache/d3b5b5fcdd16b0cc54b5c023ccef8190.php 第 46 行.
NOTIC: [8] Undefined index: icp /var/www/peng/frwine/Cache/Runtime/Admin/Cache/d3b5b5fcdd16b0cc54b5c023ccef8190.php 第 81 行.
INFO: Run ParseTemplate Behavior [ RunTime:0.010627s ]
INFO: [ view_parse ] --END-- [ RunTime:0.010687s ]
INFO: [ view_filter ] --START--
INFO: Run ContentReplace Behavior [ RunTime:0.000279s ]
INFO: Run TokenBuild Behavior [ RunTime:0.000284s ]
INFO: Run WriteHtmlCache Behavior [ RunTime:0.000149s ]
INFO: Run ShowRuntime Behavior [ RunTime:0.000374s ]
INFO: [ view_filter ] --END-- [ RunTime:0.001256s ]
INFO: [ view_end ] --START--
INFO: Run ShowPageTrace Behavior [ RunTime:0.000522s ]
INFO: [ view_end ] --END-- [ RunTime:0.000592s ]

[ 2014-01-02T18:10:57+08:00 ] 127.0.0.1 /system.php/News/index
INFO: [ route_check ] --START--
INFO: Run CheckRoute Behavior [ RunTime:0.000593s ]
INFO: [ route_check ] --END-- [ RunTime:0.000696s ]
INFO: [ app_begin ] --START--
INFO: Run ReadHtmlCache Behavior [ RunTime:0.000293s ]
INFO: [ app_begin ] --END-- [ RunTime:0.000340s ]
SQL: SHOW COLUMNS FROM `frw_news` [ RunTime:0.000705s ]
SQL: SELECT COUNT(*) AS tp_count FROM `frw_news` LIMIT 1   [ RunTime:0.000096s ]
SQL: SHOW COLUMNS FROM `frw_news` [ RunTime:0.000943s ]
SQL: SELECT `id`,`title`,`status`,`published`,`cid`,`aid` FROM `frw_news` ORDER BY `published` DESC LIMIT 0 , 20   [ RunTime:0.000174s ]
SQL: SHOW COLUMNS FROM `frw_admin` [ RunTime:0.000884s ]
SQL: SELECT `aid`,`email`,`nickname` FROM `frw_admin`  [ RunTime:0.000109s ]
SQL: SHOW COLUMNS FROM `frw_category` [ RunTime:0.000510s ]
SQL: SELECT `cid`,`name` FROM `frw_category`  [ RunTime:0.000053s ]
INFO: [ view_template ] --START--
INFO: Run LocationTemplate Behavior [ RunTime:0.000270s ]
INFO: [ view_template ] --END-- [ RunTime:0.000322s ]
INFO: [ view_parse ] --START--
NOTIC: [8] Undefined variable: QRcodeUrl /var/www/peng/frwine/Cache/Runtime/Admin/Cache/d3b5b5fcdd16b0cc54b5c023ccef8190.php 第 46 行.
NOTIC: [8] Undefined index: icp /var/www/peng/frwine/Cache/Runtime/Admin/Cache/d3b5b5fcdd16b0cc54b5c023ccef8190.php 第 81 行.
INFO: Run ParseTemplate Behavior [ RunTime:0.009143s ]
INFO: [ view_parse ] --END-- [ RunTime:0.009203s ]
INFO: [ view_filter ] --START--
INFO: Run ContentReplace Behavior [ RunTime:0.000298s ]
INFO: Run TokenBuild Behavior [ RunTime:0.000321s ]
INFO: Run WriteHtmlCache Behavior [ RunTime:0.000119s ]
INFO: Run ShowRuntime Behavior [ RunTime:0.000224s ]
INFO: [ view_filter ] --END-- [ RunTime:0.001094s ]
INFO: [ view_end ] --START--
INFO: Run ShowPageTrace Behavior [ RunTime:0.000318s ]
INFO: [ view_end ] --END-- [ RunTime:0.000357s ]

[ 2014-01-02T18:11:45+08:00 ] 127.0.0.1 /system.php/News/index
INFO: [ route_check ] --START--
INFO: Run CheckRoute Behavior [ RunTime:0.000579s ]
INFO: [ route_check ] --END-- [ RunTime:0.000688s ]
INFO: [ app_begin ] --START--
INFO: Run ReadHtmlCache Behavior [ RunTime:0.000364s ]
INFO: [ app_begin ] --END-- [ RunTime:0.000422s ]
SQL: SHOW COLUMNS FROM `frw_news` [ RunTime:0.000817s ]
SQL: SELECT COUNT(*) AS tp_count FROM `frw_news` LIMIT 1   [ RunTime:0.000059s ]
SQL: SHOW COLUMNS FROM `frw_news` [ RunTime:0.000684s ]
SQL: SELECT `id`,`title`,`status`,`published`,`cid`,`aid` FROM `frw_news` ORDER BY `published` DESC LIMIT 0 , 20   [ RunTime:0.000059s ]
SQL: SHOW COLUMNS FROM `frw_admin` [ RunTime:0.000512s ]
SQL: SELECT `aid`,`email`,`nickname` FROM `frw_admin`  [ RunTime:0.000051s ]
SQL: SHOW COLUMNS FROM `frw_category` [ RunTime:0.000391s ]
SQL: SELECT `cid`,`name` FROM `frw_category`  [ RunTime:0.000052s ]
INFO: [ view_template ] --START--
INFO: Run LocationTemplate Behavior [ RunTime:0.000270s ]
INFO: [ view_template ] --END-- [ RunTime:0.000323s ]
INFO: [ view_parse ] --START--
NOTIC: [8] Undefined variable: QRcodeUrl /var/www/peng/frwine/Cache/Runtime/Admin/Cache/d3b5b5fcdd16b0cc54b5c023ccef8190.php 第 46 行.
NOTIC: [8] Undefined index: icp /var/www/peng/frwine/Cache/Runtime/Admin/Cache/d3b5b5fcdd16b0cc54b5c023ccef8190.php 第 81 行.
INFO: Run ParseTemplate Behavior [ RunTime:0.009398s ]
INFO: [ view_parse ] --END-- [ RunTime:0.009471s ]
INFO: [ view_filter ] --START--
INFO: Run ContentReplace Behavior [ RunTime:0.000285s ]
INFO: Run TokenBuild Behavior [ RunTime:0.000226s ]
INFO: Run WriteHtmlCache Behavior [ RunTime:0.000110s ]
INFO: Run ShowRuntime Behavior [ RunTime:0.000231s ]
INFO: [ view_filter ] --END-- [ RunTime:0.000972s ]
INFO: [ view_end ] --START--
INFO: Run ShowPageTrace Behavior [ RunTime:0.000367s ]
INFO: [ view_end ] --END-- [ RunTime:0.000409s ]

[ 2014-01-02T18:14:08+08:00 ] 127.0.0.1 /system.php/News/index
INFO: [ route_check ] --START--
INFO: Run CheckRoute Behavior [ RunTime:0.000666s ]
INFO: [ route_check ] --END-- [ RunTime:0.000784s ]
INFO: [ app_begin ] --START--
INFO: Run ReadHtmlCache Behavior [ RunTime:0.000314s ]
INFO: [ app_begin ] --END-- [ RunTime:0.000359s ]
SQL: SHOW COLUMNS FROM `frw_news` [ RunTime:0.000612s ]
SQL: SELECT COUNT(*) AS tp_count FROM `frw_news` LIMIT 1   [ RunTime:0.000050s ]
SQL: SHOW COLUMNS FROM `frw_news` [ RunTime:0.000646s ]
SQL: SELECT `id`,`title`,`status`,`published`,`cid`,`aid` FROM `frw_news` ORDER BY `published` DESC LIMIT 0 , 20   [ RunTime:0.000056s ]
SQL: SHOW COLUMNS FROM `frw_admin` [ RunTime:0.000513s ]
SQL: SELECT `aid`,`email`,`nickname` FROM `frw_admin`  [ RunTime:0.000050s ]
SQL: SHOW COLUMNS FROM `frw_category` [ RunTime:0.000402s ]
SQL: SELECT `cid`,`name` FROM `frw_category`  [ RunTime:0.000053s ]
INFO: [ view_template ] --START--
INFO: Run LocationTemplate Behavior [ RunTime:0.000234s ]
INFO: [ view_template ] --END-- [ RunTime:0.000289s ]
INFO: [ view_parse ] --START--
NOTIC: [8] Undefined variable: QRcodeUrl /var/www/peng/frwine/Cache/Runtime/Admin/Cache/d3b5b5fcdd16b0cc54b5c023ccef8190.php 第 46 行.
NOTIC: [8] Undefined index: icp /var/www/peng/frwine/Cache/Runtime/Admin/Cache/d3b5b5fcdd16b0cc54b5c023ccef8190.php 第 81 行.
INFO: Run ParseTemplate Behavior [ RunTime:0.011902s ]
INFO: [ view_parse ] --END-- [ RunTime:0.011963s ]
INFO: [ view_filter ] --START--
INFO: Run ContentReplace Behavior [ RunTime:0.000263s ]
INFO: Run TokenBuild Behavior [ RunTime:0.000217s ]
INFO: Run WriteHtmlCache Behavior [ RunTime:0.000117s ]
INFO: Run ShowRuntime Behavior [ RunTime:0.000231s ]
INFO: [ view_filter ] --END-- [ RunTime:0.000946s ]
INFO: [ view_end ] --START--
INFO: Run ShowPageTrace Behavior [ RunTime:0.000323s ]
INFO: [ view_end ] --END-- [ RunTime:0.000364s ]

[ 2014-01-02T18:14:11+08:00 ] 127.0.0.1 /system.php/Webinfo/index
INFO: [ route_check ] --START--
INFO: Run CheckRoute Behavior [ RunTime:0.000478s ]
INFO: [ route_check ] --END-- [ RunTime:0.000571s ]
INFO: [ app_begin ] --START--
INFO: Run ReadHtmlCache Behavior [ RunTime:0.000280s ]
INFO: [ app_begin ] --END-- [ RunTime:0.000326s ]
INFO: [ view_template ] --START--
INFO: Run LocationTemplate Behavior [ RunTime:0.000179s ]
INFO: [ view_template ] --END-- [ RunTime:0.000242s ]
INFO: [ view_parse ] --START--
NOTIC: [8] Undefined variable: currentNav /var/www/peng/frwine/Cache/Runtime/Admin/Cache/f5edc7257d50a2d4bf2727e9aaafbeae.php 第 31 行.
NOTIC: [8] Undefined variable: QRcodeUrl /var/www/peng/frwine/Cache/Runtime/Admin/Cache/f5edc7257d50a2d4bf2727e9aaafbeae.php 第 45 行.
NOTIC: [8] Undefined index: version /var/www/peng/frwine/Cache/Runtime/Admin/Cache/f5edc7257d50a2d4bf2727e9aaafbeae.php 第 61 行.
NOTIC: [8] Undefined index: icp /var/www/peng/frwine/Cache/Runtime/Admin/Cache/f5edc7257d50a2d4bf2727e9aaafbeae.php 第 65 行.
NOTIC: [8] Undefined index: service /var/www/peng/frwine/Cache/Runtime/Admin/Cache/f5edc7257d50a2d4bf2727e9aaafbeae.php 第 69 行.
NOTIC: [8] Undefined index: tel /var/www/peng/frwine/Cache/Runtime/Admin/Cache/f5edc7257d50a2d4bf2727e9aaafbeae.php 第 73 行.
NOTIC: [8] Undefined index: fax /var/www/peng/frwine/Cache/Runtime/Admin/Cache/f5edc7257d50a2d4bf2727e9aaafbeae.php 第 77 行.
NOTIC: [8] Undefined index: address /var/www/peng/frwine/Cache/Runtime/Admin/Cache/f5edc7257d50a2d4bf2727e9aaafbeae.php 第 81 行.
NOTIC: [8] Undefined index: postcode /var/www/peng/frwine/Cache/Runtime/Admin/Cache/f5edc7257d50a2d4bf2727e9aaafbeae.php 第 85 行.
NOTIC: [8] Undefined index: icp /var/www/peng/frwine/Cache/Runtime/Admin/Cache/f5edc7257d50a2d4bf2727e9aaafbeae.php 第 109 行.
INFO: Run ParseTemplate Behavior [ RunTime:0.007839s ]
INFO: [ view_parse ] --END-- [ RunTime:0.007889s ]
INFO: [ view_filter ] --START--
INFO: Run ContentReplace Behavior [ RunTime:0.000192s ]
INFO: Run TokenBuild Behavior [ RunTime:0.000217s ]
INFO: Run WriteHtmlCache Behavior [ RunTime:0.000108s ]
INFO: Run ShowRuntime Behavior [ RunTime:0.000216s ]
INFO: [ view_filter ] --END-- [ RunTime:0.000843s ]
INFO: [ view_end ] --START--
INFO: Run ShowPageTrace Behavior [ RunTime:0.000302s ]
INFO: [ view_end ] --END-- [ RunTime:0.000341s ]

[ 2014-01-02T18:14:12+08:00 ] 127.0.0.1 /system.php/News/index
INFO: [ route_check ] --START--
INFO: Run CheckRoute Behavior [ RunTime:0.000477s ]
INFO: [ route_check ] --END-- [ RunTime:0.000563s ]
INFO: [ app_begin ] --START--
INFO: Run ReadHtmlCache Behavior [ RunTime:0.000281s ]
INFO: [ app_begin ] --END-- [ RunTime:0.000327s ]
SQL: SHOW COLUMNS FROM `frw_news` [ RunTime:0.000589s ]
SQL: SELECT COUNT(*) AS tp_count FROM `frw_news` LIMIT 1   [ RunTime:0.000049s ]
SQL: SHOW COLUMNS FROM `frw_news` [ RunTime:0.000579s ]
SQL: SELECT `id`,`title`,`status`,`published`,`cid`,`aid` FROM `frw_news` ORDER BY `published` DESC LIMIT 0 , 20   [ RunTime:0.000062s ]
SQL: SHOW COLUMNS FROM `frw_admin` [ RunTime:0.000499s ]
SQL: SELECT `aid`,`email`,`nickname` FROM `frw_admin`  [ RunTime:0.000053s ]
SQL: SHOW COLUMNS FROM `frw_category` [ RunTime:0.000441s ]
SQL: SELECT `cid`,`name` FROM `frw_category`  [ RunTime:0.000080s ]
INFO: [ view_template ] --START--
INFO: Run LocationTemplate Behavior [ RunTime:0.000289s ]
INFO: [ view_template ] --END-- [ RunTime:0.000355s ]
INFO: [ view_parse ] --START--
NOTIC: [8] Undefined variable: QRcodeUrl /var/www/peng/frwine/Cache/Runtime/Admin/Cache/d3b5b5fcdd16b0cc54b5c023ccef8190.php 第 46 行.
NOTIC: [8] Undefined index: icp /var/www/peng/frwine/Cache/Runtime/Admin/Cache/d3b5b5fcdd16b0cc54b5c023ccef8190.php 第 81 行.
INFO: Run ParseTemplate Behavior [ RunTime:0.010433s ]
INFO: [ view_parse ] --END-- [ RunTime:0.010496s ]
INFO: [ view_filter ] --START--
INFO: Run ContentReplace Behavior [ RunTime:0.000278s ]
INFO: Run TokenBuild Behavior [ RunTime:0.000237s ]
INFO: Run WriteHtmlCache Behavior [ RunTime:0.000121s ]
INFO: Run ShowRuntime Behavior [ RunTime:0.000252s ]
INFO: [ view_filter ] --END-- [ RunTime:0.001021s ]
INFO: [ view_end ] --START--
INFO: Run ShowPageTrace Behavior [ RunTime:0.000351s ]
INFO: [ view_end ] --END-- [ RunTime:0.000398s ]

[ 2014-01-02T18:14:50+08:00 ] 127.0.0.1 /system.php/News/index
INFO: [ route_check ] --START--
INFO: Run CheckRoute Behavior [ RunTime:0.000474s ]
INFO: [ route_check ] --END-- [ RunTime:0.000564s ]
INFO: [ app_begin ] --START--
INFO: Run ReadHtmlCache Behavior [ RunTime:0.000273s ]
INFO: [ app_begin ] --END-- [ RunTime:0.000319s ]
SQL: SHOW COLUMNS FROM `frw_news` [ RunTime:0.000623s ]
SQL: SELECT COUNT(*) AS tp_count FROM `frw_news` LIMIT 1   [ RunTime:0.000048s ]
SQL: SHOW COLUMNS FROM `frw_news` [ RunTime:0.000618s ]
SQL: SELECT `id`,`title`,`status`,`published`,`cid`,`aid` FROM `frw_news` ORDER BY `published` DESC LIMIT 0 , 20   [ RunTime:0.000100s ]
SQL: SHOW COLUMNS FROM `frw_admin` [ RunTime:0.000524s ]
SQL: SELECT `aid`,`email`,`nickname` FROM `frw_admin`  [ RunTime:0.000048s ]
SQL: SHOW COLUMNS FROM `frw_category` [ RunTime:0.000461s ]
SQL: SELECT `cid`,`name` FROM `frw_category`  [ RunTime:0.000094s ]
INFO: [ view_template ] --START--
INFO: Run LocationTemplate Behavior [ RunTime:0.000288s ]
INFO: [ view_template ] --END-- [ RunTime:0.000372s ]
INFO: [ view_parse ] --START--
NOTIC: [8] Undefined variable: QRcodeUrl /var/www/peng/frwine/Cache/Runtime/Admin/Cache/d3b5b5fcdd16b0cc54b5c023ccef8190.php 第 46 行.
NOTIC: [8] Undefined index: icp /var/www/peng/frwine/Cache/Runtime/Admin/Cache/d3b5b5fcdd16b0cc54b5c023ccef8190.php 第 81 行.
INFO: Run ParseTemplate Behavior [ RunTime:0.009062s ]
INFO: [ view_parse ] --END-- [ RunTime:0.009118s ]
INFO: [ view_filter ] --START--
INFO: Run ContentReplace Behavior [ RunTime:0.000229s ]
INFO: Run TokenBuild Behavior [ RunTime:0.000208s ]
INFO: Run WriteHtmlCache Behavior [ RunTime:0.000114s ]
INFO: Run ShowRuntime Behavior [ RunTime:0.000227s ]
INFO: [ view_filter ] --END-- [ RunTime:0.000896s ]
INFO: [ view_end ] --START--
INFO: Run ShowPageTrace Behavior [ RunTime:0.000311s ]
INFO: [ view_end ] --END-- [ RunTime:0.000354s ]

[ 2014-01-02T18:14:51+08:00 ] ERR: (ThinkException) 无法加载模块:Dcitionary
[ 2014-01-02T18:15:54+08:00 ] 127.0.0.1 /system.php/News/index
INFO: [ route_check ] --START--
INFO: Run CheckRoute Behavior [ RunTime:0.000589s ]
INFO: [ route_check ] --END-- [ RunTime:0.000696s ]
INFO: [ app_begin ] --START--
INFO: Run ReadHtmlCache Behavior [ RunTime:0.000372s ]
INFO: [ app_begin ] --END-- [ RunTime:0.000433s ]
SQL: SHOW COLUMNS FROM `frw_news` [ RunTime:0.000833s ]
SQL: SELECT COUNT(*) AS tp_count FROM `frw_news` LIMIT 1   [ RunTime:0.000062s ]
SQL: SHOW COLUMNS FROM `frw_news` [ RunTime:0.001211s ]
SQL: SELECT `id`,`title`,`status`,`published`,`cid`,`aid` FROM `frw_news` ORDER BY `published` DESC LIMIT 0 , 20   [ RunTime:0.000068s ]
SQL: SHOW COLUMNS FROM `frw_admin` [ RunTime:0.000537s ]
SQL: SELECT `aid`,`email`,`nickname` FROM `frw_admin`  [ RunTime:0.000047s ]
SQL: SHOW COLUMNS FROM `frw_category` [ RunTime:0.000351s ]
SQL: SELECT `cid`,`name` FROM `frw_category`  [ RunTime:0.000048s ]
INFO: [ view_template ] --START--
INFO: Run LocationTemplate Behavior [ RunTime:0.000228s ]
INFO: [ view_template ] --END-- [ RunTime:0.000279s ]
INFO: [ view_parse ] --START--
NOTIC: [8] Undefined variable: QRcodeUrl /var/www/peng/frwine/Cache/Runtime/Admin/Cache/d3b5b5fcdd16b0cc54b5c023ccef8190.php 第 46 行.
NOTIC: [8] Undefined index: icp /var/www/peng/frwine/Cache/Runtime/Admin/Cache/d3b5b5fcdd16b0cc54b5c023ccef8190.php 第 81 行.
INFO: Run ParseTemplate Behavior [ RunTime:0.009750s ]
INFO: [ view_parse ] --END-- [ RunTime:0.009811s ]
INFO: [ view_filter ] --START--
INFO: Run ContentReplace Behavior [ RunTime:0.000284s ]
INFO: Run TokenBuild Behavior [ RunTime:0.000234s ]
INFO: Run WriteHtmlCache Behavior [ RunTime:0.000113s ]
INFO: Run ShowRuntime Behavior [ RunTime:0.000234s ]
INFO: [ view_filter ] --END-- [ RunTime:0.000987s ]
INFO: [ view_end ] --START--
INFO: Run ShowPageTrace Behavior [ RunTime:0.000335s ]
INFO: [ view_end ] --END-- [ RunTime:0.000379s ]

[ 2014-01-02T18:15:55+08:00 ] ERR: (ThinkException) 无法加载模块:Dcitionary
[ 2014-01-02T18:16:12+08:00 ] ERR: (ThinkException) 无法加载模块:Dcitionary
[ 2014-01-02T18:16:16+08:00 ] 127.0.0.1 /system.php/News/index
INFO: [ route_check ] --START--
INFO: Run CheckRoute Behavior [ RunTime:0.000501s ]
INFO: [ route_check ] --END-- [ RunTime:0.000585s ]
INFO: [ app_begin ] --START--
INFO: Run ReadHtmlCache Behavior [ RunTime:0.000281s ]
INFO: [ app_begin ] --END-- [ RunTime:0.000324s ]
SQL: SHOW COLUMNS FROM `frw_news` [ RunTime:0.000748s ]
SQL: SELECT COUNT(*) AS tp_count FROM `frw_news` LIMIT 1   [ RunTime:0.000085s ]
SQL: SHOW COLUMNS FROM `frw_news` [ RunTime:0.000842s ]
SQL: SELECT `id`,`title`,`status`,`published`,`cid`,`aid` FROM `frw_news` ORDER BY `published` DESC LIMIT 0 , 20   [ RunTime:0.000099s ]
SQL: SHOW COLUMNS FROM `frw_admin` [ RunTime:0.000913s ]
SQL: SELECT `aid`,`email`,`nickname` FROM `frw_admin`  [ RunTime:0.000137s ]
SQL: SHOW COLUMNS FROM `frw_category` [ RunTime:0.000543s ]
SQL: SELECT `cid`,`name` FROM `frw_category`  [ RunTime:0.000090s ]
INFO: [ view_template ] --START--
INFO: Run LocationTemplate Behavior [ RunTime:0.000349s ]
INFO: [ view_template ] --END-- [ RunTime:0.000418s ]
INFO: [ view_parse ] --START--
NOTIC: [8] Undefined variable: QRcodeUrl /var/www/peng/frwine/Cache/Runtime/Admin/Cache/d3b5b5fcdd16b0cc54b5c023ccef8190.php 第 46 行.
NOTIC: [8] Undefined index: icp /var/www/peng/frwine/Cache/Runtime/Admin/Cache/d3b5b5fcdd16b0cc54b5c023ccef8190.php 第 81 行.
INFO: Run ParseTemplate Behavior [ RunTime:0.008400s ]
INFO: [ view_parse ] --END-- [ RunTime:0.008451s ]
INFO: [ view_filter ] --START--
INFO: Run ContentReplace Behavior [ RunTime:0.000207s ]
INFO: Run TokenBuild Behavior [ RunTime:0.000204s ]
INFO: Run WriteHtmlCache Behavior [ RunTime:0.000113s ]
INFO: Run ShowRuntime Behavior [ RunTime:0.000235s ]
INFO: [ view_filter ] --END-- [ RunTime:0.000879s ]
INFO: [ view_end ] --START--
INFO: Run ShowPageTrace Behavior [ RunTime:0.000397s ]
INFO: [ view_end ] --END-- [ RunTime:0.000443s ]

[ 2014-01-02T18:16:18+08:00 ] ERR: (ThinkException) Model:listDictionary您所请求的方法不存在！
[ 2014-01-02T18:16:18+08:00 ] 127.0.0.1 /system.php/Dictionary/index
INFO: [ route_check ] --START--
INFO: Run CheckRoute Behavior [ RunTime:0.000499s ]
INFO: [ route_check ] --END-- [ RunTime:0.000588s ]
INFO: [ app_begin ] --START--
INFO: Run ReadHtmlCache Behavior [ RunTime:0.000307s ]
INFO: [ app_begin ] --END-- [ RunTime:0.000354s ]
SQL: SHOW COLUMNS FROM `frw_dictionary` [ RunTime:0.000634s ]
SQL: SELECT COUNT(*) AS tp_count FROM `frw_dictionary` LIMIT 1   [ RunTime:0.024417s ]
SQL: SHOW COLUMNS FROM `frw_dictionary` [ RunTime:0.000679s ]
NOTIC: [8] Array to string conversion /var/www/peng/frwine/ThinkPHP/Lib/Core/ThinkException.class.php 第 64 行.
NOTIC: [8] Undefined index: file /var/www/peng/frwine/ThinkPHP/Lib/Core/ThinkException.class.php 第 62 行.
NOTIC: [8] Undefined index: line /var/www/peng/frwine/ThinkPHP/Lib/Core/ThinkException.class.php 第 62 行.
NOTIC: [4096] Object of class DictionaryAction could not be converted to string /var/www/peng/frwine/ThinkPHP/Lib/Core/ThinkException.class.php 第 64 行.
NOTIC: [8] Undefined index: class /var/www/peng/frwine/ThinkPHP/Lib/Core/ThinkException.class.php 第 63 行.
NOTIC: [8] Undefined index: type /var/www/peng/frwine/ThinkPHP/Lib/Core/ThinkException.class.php 第 63 行.
NOTIC: [8] Undefined index: class /var/www/peng/frwine/ThinkPHP/Lib/Core/ThinkException.class.php 第 63 行.
NOTIC: [8] Undefined index: type /var/www/peng/frwine/ThinkPHP/Lib/Core/ThinkException.class.php 第 63 行.

[ 2014-01-02T18:17:07+08:00 ] 127.0.0.1 /system.php/Dictionary/index
INFO: [ route_check ] --START--
INFO: Run CheckRoute Behavior [ RunTime:0.000542s ]
INFO: [ route_check ] --END-- [ RunTime:0.000632s ]
INFO: [ app_begin ] --START--
INFO: Run ReadHtmlCache Behavior [ RunTime:0.000297s ]
INFO: [ app_begin ] --END-- [ RunTime:0.000340s ]
SQL: SHOW COLUMNS FROM `frw_dictionary` [ RunTime:0.000480s ]

[ 2014-01-02T18:18:27+08:00 ] ERR: (ThinkException) Model:listDictionary您所请求的方法不存在！
[ 2014-01-02T18:18:27+08:00 ] 127.0.0.1 /system.php/Dictionary/index
INFO: [ route_check ] --START--
INFO: Run CheckRoute Behavior [ RunTime:0.000515s ]
INFO: [ route_check ] --END-- [ RunTime:0.000615s ]
INFO: [ app_begin ] --START--
INFO: Run ReadHtmlCache Behavior [ RunTime:0.000357s ]
INFO: [ app_begin ] --END-- [ RunTime:0.000410s ]
SQL: SHOW COLUMNS FROM `frw_dictionary` [ RunTime:0.000495s ]
SQL: SELECT COUNT(*) AS tp_count FROM `frw_dictionary` LIMIT 1   [ RunTime:0.000049s ]
SQL: SHOW COLUMNS FROM `frw_dictionary` [ RunTime:0.000462s ]
NOTIC: [8] Array to string conversion /var/www/peng/frwine/ThinkPHP/Lib/Core/ThinkException.class.php 第 64 行.
NOTIC: [8] Undefined index: file /var/www/peng/frwine/ThinkPHP/Lib/Core/ThinkException.class.php 第 62 行.
NOTIC: [8] Undefined index: line /var/www/peng/frwine/ThinkPHP/Lib/Core/ThinkException.class.php 第 62 行.
NOTIC: [4096] Object of class DictionaryAction could not be converted to string /var/www/peng/frwine/ThinkPHP/Lib/Core/ThinkException.class.php 第 64 行.
NOTIC: [8] Undefined index: class /var/www/peng/frwine/ThinkPHP/Lib/Core/ThinkException.class.php 第 63 行.
NOTIC: [8] Undefined index: type /var/www/peng/frwine/ThinkPHP/Lib/Core/ThinkException.class.php 第 63 行.
NOTIC: [8] Undefined index: class /var/www/peng/frwine/ThinkPHP/Lib/Core/ThinkException.class.php 第 63 行.
NOTIC: [8] Undefined index: type /var/www/peng/frwine/ThinkPHP/Lib/Core/ThinkException.class.php 第 63 行.

[ 2014-01-02T18:18:27+08:00 ] ERR: (ThinkException) Model:listDictionary您所请求的方法不存在！
[ 2014-01-02T18:18:27+08:00 ] 127.0.0.1 /system.php/Dictionary/index
INFO: [ route_check ] --START--
INFO: Run CheckRoute Behavior [ RunTime:0.000475s ]
INFO: [ route_check ] --END-- [ RunTime:0.000571s ]
INFO: [ app_begin ] --START--
INFO: Run ReadHtmlCache Behavior [ RunTime:0.000297s ]
INFO: [ app_begin ] --END-- [ RunTime:0.000343s ]
SQL: SHOW COLUMNS FROM `frw_dictionary` [ RunTime:0.000508s ]
SQL: SELECT COUNT(*) AS tp_count FROM `frw_dictionary` LIMIT 1   [ RunTime:0.000047s ]
SQL: SHOW COLUMNS FROM `frw_dictionary` [ RunTime:0.000456s ]
NOTIC: [8] Array to string conversion /var/www/peng/frwine/ThinkPHP/Lib/Core/ThinkException.class.php 第 64 行.
NOTIC: [8] Undefined index: file /var/www/peng/frwine/ThinkPHP/Lib/Core/ThinkException.class.php 第 62 行.
NOTIC: [8] Undefined index: line /var/www/peng/frwine/ThinkPHP/Lib/Core/ThinkException.class.php 第 62 行.
NOTIC: [4096] Object of class DictionaryAction could not be converted to string /var/www/peng/frwine/ThinkPHP/Lib/Core/ThinkException.class.php 第 64 行.
NOTIC: [8] Undefined index: class /var/www/peng/frwine/ThinkPHP/Lib/Core/ThinkException.class.php 第 63 行.
NOTIC: [8] Undefined index: type /var/www/peng/frwine/ThinkPHP/Lib/Core/ThinkException.class.php 第 63 行.
NOTIC: [8] Undefined index: class /var/www/peng/frwine/ThinkPHP/Lib/Core/ThinkException.class.php 第 63 行.
NOTIC: [8] Undefined index: type /var/www/peng/frwine/ThinkPHP/Lib/Core/ThinkException.class.php 第 63 行.

[ 2014-01-02T18:18:28+08:00 ] ERR: (ThinkException) Model:listDictionary您所请求的方法不存在！
[ 2014-01-02T18:18:28+08:00 ] 127.0.0.1 /system.php/Dictionary/index
INFO: [ route_check ] --START--
INFO: Run CheckRoute Behavior [ RunTime:0.000560s ]
INFO: [ route_check ] --END-- [ RunTime:0.000646s ]
INFO: [ app_begin ] --START--
INFO: Run ReadHtmlCache Behavior [ RunTime:0.000292s ]
INFO: [ app_begin ] --END-- [ RunTime:0.000335s ]
SQL: SHOW COLUMNS FROM `frw_dictionary` [ RunTime:0.000600s ]
SQL: SELECT COUNT(*) AS tp_count FROM `frw_dictionary` LIMIT 1   [ RunTime:0.000076s ]
SQL: SHOW COLUMNS FROM `frw_dictionary` [ RunTime:0.000633s ]
NOTIC: [8] Array to string conversion /var/www/peng/frwine/ThinkPHP/Lib/Core/ThinkException.class.php 第 64 行.
NOTIC: [8] Undefined index: file /var/www/peng/frwine/ThinkPHP/Lib/Core/ThinkException.class.php 第 62 行.
NOTIC: [8] Undefined index: line /var/www/peng/frwine/ThinkPHP/Lib/Core/ThinkException.class.php 第 62 行.
NOTIC: [4096] Object of class DictionaryAction could not be converted to string /var/www/peng/frwine/ThinkPHP/Lib/Core/ThinkException.class.php 第 64 行.
NOTIC: [8] Undefined index: class /var/www/peng/frwine/ThinkPHP/Lib/Core/ThinkException.class.php 第 63 行.
NOTIC: [8] Undefined index: type /var/www/peng/frwine/ThinkPHP/Lib/Core/ThinkException.class.php 第 63 行.
NOTIC: [8] Undefined index: class /var/www/peng/frwine/ThinkPHP/Lib/Core/ThinkException.class.php 第 63 行.
NOTIC: [8] Undefined index: type /var/www/peng/frwine/ThinkPHP/Lib/Core/ThinkException.class.php 第 63 行.

[ 2014-01-02T18:18:28+08:00 ] ERR: (ThinkException) Model:listDictionary您所请求的方法不存在！
[ 2014-01-02T18:18:28+08:00 ] 127.0.0.1 /system.php/Dictionary/index
INFO: [ route_check ] --START--
INFO: Run CheckRoute Behavior [ RunTime:0.000475s ]
INFO: [ route_check ] --END-- [ RunTime:0.000562s ]
INFO: [ app_begin ] --START--
INFO: Run ReadHtmlCache Behavior [ RunTime:0.000286s ]
INFO: [ app_begin ] --END-- [ RunTime:0.000329s ]
SQL: SHOW COLUMNS FROM `frw_dictionary` [ RunTime:0.000488s ]
SQL: SELECT COUNT(*) AS tp_count FROM `frw_dictionary` LIMIT 1   [ RunTime:0.000049s ]
SQL: SHOW COLUMNS FROM `frw_dictionary` [ RunTime:0.000605s ]
NOTIC: [8] Array to string conversion /var/www/peng/frwine/ThinkPHP/Lib/Core/ThinkException.class.php 第 64 行.
NOTIC: [8] Undefined index: file /var/www/peng/frwine/ThinkPHP/Lib/Core/ThinkException.class.php 第 62 行.
NOTIC: [8] Undefined index: line /var/www/peng/frwine/ThinkPHP/Lib/Core/ThinkException.class.php 第 62 行.
NOTIC: [4096] Object of class DictionaryAction could not be converted to string /var/www/peng/frwine/ThinkPHP/Lib/Core/ThinkException.class.php 第 64 行.
NOTIC: [8] Undefined index: class /var/www/peng/frwine/ThinkPHP/Lib/Core/ThinkException.class.php 第 63 行.
NOTIC: [8] Undefined index: type /var/www/peng/frwine/ThinkPHP/Lib/Core/ThinkException.class.php 第 63 行.
NOTIC: [8] Undefined index: class /var/www/peng/frwine/ThinkPHP/Lib/Core/ThinkException.class.php 第 63 行.
NOTIC: [8] Undefined index: type /var/www/peng/frwine/ThinkPHP/Lib/Core/ThinkException.class.php 第 63 行.

[ 2014-01-02T18:19:57+08:00 ] 127.0.0.1 /system.php/Dictionary/index
INFO: [ route_check ] --START--
INFO: Run CheckRoute Behavior [ RunTime:0.000581s ]
INFO: [ route_check ] --END-- [ RunTime:0.000695s ]
INFO: [ app_begin ] --START--
INFO: Run ReadHtmlCache Behavior [ RunTime:0.000304s ]
INFO: [ app_begin ] --END-- [ RunTime:0.000348s ]
SQL: SHOW COLUMNS FROM `frw_dictionary` [ RunTime:0.000509s ]
SQL: SELECT COUNT(*) AS tp_count FROM `frw_dictionary` LIMIT 1   [ RunTime:0.000050s ]
SQL: SHOW COLUMNS FROM `frw_dictionary` [ RunTime:0.000504s ]
SQL: SELECT `id`,`title`,`status`,`published`,`cid`,`aid` FROM `frw_dictionary` ORDER BY `published` DESC LIMIT 0 , 20   [ RunTime:0.015170s ]
ERR: Unknown column 'title' in 'field list'
 [ SQL语句 ] : SELECT `id`,`title`,`status`,`published`,`cid`,`aid` FROM `frw_dictionary` ORDER BY `published` DESC LIMIT 0 , 20  
SQL: SHOW COLUMNS FROM `frw_admin` [ RunTime:0.000595s ]
SQL: SELECT `aid`,`email`,`nickname` FROM `frw_admin`  [ RunTime:0.000055s ]
SQL: SHOW COLUMNS FROM `frw_category` [ RunTime:0.000382s ]
SQL: SELECT `cid`,`name` FROM `frw_category`  [ RunTime:0.000053s ]
NOTIC: [2] Invalid argument supplied for foreach() /var/www/peng/frwine/Admin/Lib/Model/DictionaryModel.class.php 第 19 行.
INFO: [ view_template ] --START--
INFO: Run LocationTemplate Behavior [ RunTime:0.000248s ]
INFO: [ view_template ] --END-- [ RunTime:0.000294s ]
INFO: [ view_parse ] --START--
NOTIC: [8] Undefined variable: QRcodeUrl /var/www/peng/frwine/Cache/Runtime/Admin/Cache/9f95534465ee3a122f4b1599c857cceb.php 第 46 行.
NOTIC: [8] Undefined index: icp /var/www/peng/frwine/Cache/Runtime/Admin/Cache/9f95534465ee3a122f4b1599c857cceb.php 第 81 行.
INFO: Run ParseTemplate Behavior [ RunTime:0.009611s ]
INFO: [ view_parse ] --END-- [ RunTime:0.009674s ]
INFO: [ view_filter ] --START--
INFO: Run ContentReplace Behavior [ RunTime:0.000237s ]
INFO: Run TokenBuild Behavior [ RunTime:0.000232s ]
INFO: Run WriteHtmlCache Behavior [ RunTime:0.000111s ]
INFO: Run ShowRuntime Behavior [ RunTime:0.000237s ]
INFO: [ view_filter ] --END-- [ RunTime:0.000941s ]
INFO: [ view_end ] --START--
INFO: Run ShowPageTrace Behavior [ RunTime:0.000324s ]
INFO: [ view_end ] --END-- [ RunTime:0.000367s ]

[ 2014-01-02T18:20:25+08:00 ] 127.0.0.1 /system.php/Dictionary/index
INFO: [ route_check ] --START--
INFO: Run CheckRoute Behavior [ RunTime:0.000517s ]
INFO: [ route_check ] --END-- [ RunTime:0.000611s ]
INFO: [ app_begin ] --START--
INFO: Run ReadHtmlCache Behavior [ RunTime:0.000283s ]
INFO: [ app_begin ] --END-- [ RunTime:0.000325s ]
SQL: SHOW COLUMNS FROM `frw_dictionary` [ RunTime:0.000552s ]
SQL: SELECT COUNT(*) AS tp_count FROM `frw_dictionary` LIMIT 1   [ RunTime:0.000067s ]
SQL: SHOW COLUMNS FROM `frw_dictionary` [ RunTime:0.000564s ]
SQL: SELECT `id`,`title`,`status`,`published`,`cid`,`aid` FROM `frw_dictionary` ORDER BY `published` DESC LIMIT 0 , 20   [ RunTime:0.000115s ]
ERR: Unknown column 'title' in 'field list'
 [ SQL语句 ] : SELECT `id`,`title`,`status`,`published`,`cid`,`aid` FROM `frw_dictionary` ORDER BY `published` DESC LIMIT 0 , 20  
SQL: SHOW COLUMNS FROM `frw_admin` [ RunTime:0.000450s ]
SQL: SELECT `aid`,`email`,`nickname` FROM `frw_admin`  [ RunTime:0.000074s ]
SQL: SHOW COLUMNS FROM `frw_category` [ RunTime:0.000511s ]
SQL: SELECT `cid`,`name` FROM `frw_category`  [ RunTime:0.000061s ]
NOTIC: [2] Invalid argument supplied for foreach() /var/www/peng/frwine/Admin/Lib/Model/DictionaryModel.class.php 第 18 行.
INFO: [ view_template ] --START--
INFO: Run LocationTemplate Behavior [ RunTime:0.000230s ]
INFO: [ view_template ] --END-- [ RunTime:0.000274s ]
INFO: [ view_parse ] --START--
NOTIC: [8] Undefined variable: QRcodeUrl /var/www/peng/frwine/Cache/Runtime/Admin/Cache/9f95534465ee3a122f4b1599c857cceb.php 第 46 行.
NOTIC: [8] Undefined index: icp /var/www/peng/frwine/Cache/Runtime/Admin/Cache/9f95534465ee3a122f4b1599c857cceb.php 第 81 行.
INFO: Run ParseTemplate Behavior [ RunTime:0.008983s ]
INFO: [ view_parse ] --END-- [ RunTime:0.009035s ]
INFO: [ view_filter ] --START--
INFO: Run ContentReplace Behavior [ RunTime:0.000221s ]
INFO: Run TokenBuild Behavior [ RunTime:0.000211s ]
INFO: Run WriteHtmlCache Behavior [ RunTime:0.000122s ]
INFO: Run ShowRuntime Behavior [ RunTime:0.000240s ]
INFO: [ view_filter ] --END-- [ RunTime:0.000922s ]
INFO: [ view_end ] --START--
INFO: Run ShowPageTrace Behavior [ RunTime:0.000319s ]
INFO: [ view_end ] --END-- [ RunTime:0.000364s ]

[ 2014-01-02T18:29:12+08:00 ] 127.0.0.1 /system.php/Dictionary/index
INFO: [ route_check ] --START--
INFO: Run CheckRoute Behavior [ RunTime:0.000496s ]
INFO: [ route_check ] --END-- [ RunTime:0.000588s ]
INFO: [ app_begin ] --START--
INFO: Run ReadHtmlCache Behavior [ RunTime:0.000310s ]
INFO: [ app_begin ] --END-- [ RunTime:0.000355s ]
SQL: SHOW COLUMNS FROM `frw_dictionary` [ RunTime:0.000476s ]
SQL: SELECT COUNT(*) AS tp_count FROM `frw_dictionary` LIMIT 1   [ RunTime:0.000106s ]
SQL: SHOW COLUMNS FROM `frw_dictionary` [ RunTime:0.000444s ]
SQL: SELECT `id`,`frname`,`chname`,`description`,`region`,`update_time` FROM `frw_dictionary` ORDER BY `id` DESC LIMIT 0 , 20   [ RunTime:0.000116s ]
INFO: [ view_template ] --START--
INFO: Run LocationTemplate Behavior [ RunTime:0.000208s ]
INFO: [ view_template ] --END-- [ RunTime:0.000255s ]
INFO: [ view_parse ] --START--
NOTIC: [8] Undefined variable: QRcodeUrl /var/www/peng/frwine/Cache/Runtime/Admin/Cache/9f95534465ee3a122f4b1599c857cceb.php 第 46 行.
NOTIC: [8] Undefined index: icp /var/www/peng/frwine/Cache/Runtime/Admin/Cache/9f95534465ee3a122f4b1599c857cceb.php 第 81 行.
INFO: Run ParseTemplate Behavior [ RunTime:0.008800s ]
INFO: [ view_parse ] --END-- [ RunTime:0.008861s ]
INFO: [ view_filter ] --START--
INFO: Run ContentReplace Behavior [ RunTime:0.000199s ]
INFO: Run TokenBuild Behavior [ RunTime:0.000189s ]
INFO: Run WriteHtmlCache Behavior [ RunTime:0.000102s ]
INFO: Run ShowRuntime Behavior [ RunTime:0.000234s ]
INFO: [ view_filter ] --END-- [ RunTime:0.000837s ]
INFO: [ view_end ] --START--
INFO: Run ShowPageTrace Behavior [ RunTime:0.000391s ]
INFO: [ view_end ] --END-- [ RunTime:0.000441s ]

[ 2014-01-02T18:29:45+08:00 ] 127.0.0.1 /system.php/Dictionary/index
INFO: [ route_check ] --START--
INFO: Run CheckRoute Behavior [ RunTime:0.000474s ]
INFO: [ route_check ] --END-- [ RunTime:0.000560s ]
INFO: [ app_begin ] --START--
INFO: Run ReadHtmlCache Behavior [ RunTime:0.000279s ]
INFO: [ app_begin ] --END-- [ RunTime:0.000323s ]
SQL: SHOW COLUMNS FROM `frw_dictionary` [ RunTime:0.000482s ]
SQL: SELECT COUNT(*) AS tp_count FROM `frw_dictionary` LIMIT 1   [ RunTime:0.000108s ]
SQL: SHOW COLUMNS FROM `frw_dictionary` [ RunTime:0.000436s ]
SQL: SELECT `id`,`frname`,`chname`,`description`,`region`,`update_time` FROM `frw_dictionary` ORDER BY `id` DESC LIMIT 0 , 20   [ RunTime:0.000135s ]
INFO: [ view_template ] --START--
INFO: Run LocationTemplate Behavior [ RunTime:0.000213s ]
INFO: [ view_template ] --END-- [ RunTime:0.000272s ]
INFO: [ view_parse ] --START--
NOTIC: [8] Undefined variable: QRcodeUrl /var/www/peng/frwine/Cache/Runtime/Admin/Cache/9f95534465ee3a122f4b1599c857cceb.php 第 46 行.
NOTIC: [8] Undefined index: title /var/www/peng/frwine/Cache/Runtime/Admin/Cache/9f95534465ee3a122f4b1599c857cceb.php 第 65 行.
NOTIC: [8] Undefined index: cidName /var/www/peng/frwine/Cache/Runtime/Admin/Cache/9f95534465ee3a122f4b1599c857cceb.php 第 66 行.
NOTIC: [8] Undefined index: status /var/www/peng/frwine/Cache/Runtime/Admin/Cache/9f95534465ee3a122f4b1599c857cceb.php 第 67 行.
NOTIC: [8] Undefined index: published /var/www/peng/frwine/Cache/Runtime/Admin/Cache/9f95534465ee3a122f4b1599c857cceb.php 第 68 行.
NOTIC: [8] Undefined index: aidName /var/www/peng/frwine/Cache/Runtime/Admin/Cache/9f95534465ee3a122f4b1599c857cceb.php 第 69 行.
NOTIC: [8] Undefined index: title /var/www/peng/frwine/Cache/Runtime/Admin/Cache/9f95534465ee3a122f4b1599c857cceb.php 第 70 行.
NOTIC: [8] Undefined index: icp /var/www/peng/frwine/Cache/Runtime/Admin/Cache/9f95534465ee3a122f4b1599c857cceb.php 第 81 行.
INFO: Run ParseTemplate Behavior [ RunTime:0.008758s ]
INFO: [ view_parse ] --END-- [ RunTime:0.008903s ]
INFO: [ view_filter ] --START--
INFO: Run ContentReplace Behavior [ RunTime:0.000274s ]
INFO: Run TokenBuild Behavior [ RunTime:0.000196s ]
INFO: Run WriteHtmlCache Behavior [ RunTime:0.000102s ]
INFO: Run ShowRuntime Behavior [ RunTime:0.000221s ]
INFO: [ view_filter ] --END-- [ RunTime:0.000907s ]
INFO: [ view_end ] --START--
INFO: Run ShowPageTrace Behavior [ RunTime:0.000313s ]
INFO: [ view_end ] --END-- [ RunTime:0.000352s ]

[ 2014-01-02T18:30:14+08:00 ] 127.0.0.1 /system.php/Dictionary/index
INFO: [ route_check ] --START--
INFO: Run CheckRoute Behavior [ RunTime:0.000842s ]
INFO: [ route_check ] --END-- [ RunTime:0.000953s ]
INFO: [ app_begin ] --START--
INFO: Run ReadHtmlCache Behavior [ RunTime:0.000505s ]
INFO: [ app_begin ] --END-- [ RunTime:0.000584s ]
SQL: SHOW COLUMNS FROM `frw_dictionary` [ RunTime:0.000526s ]
SQL: SELECT COUNT(*) AS tp_count FROM `frw_dictionary` LIMIT 1   [ RunTime:0.000057s ]
SQL: SHOW COLUMNS FROM `frw_dictionary` [ RunTime:0.000469s ]
SQL: SELECT `id`,`frname`,`chname`,`description`,`region`,`update_time` FROM `frw_dictionary` ORDER BY `id` DESC LIMIT 0 , 20   [ RunTime:0.000051s ]
INFO: [ view_template ] --START--
INFO: Run LocationTemplate Behavior [ RunTime:0.000199s ]
INFO: [ view_template ] --END-- [ RunTime:0.000241s ]
INFO: [ view_parse ] --START--
NOTIC: [8] Undefined variable: QRcodeUrl /var/www/peng/frwine/Cache/Runtime/Admin/Cache/9f95534465ee3a122f4b1599c857cceb.php 第 46 行.
NOTIC: [8] Undefined index: title /var/www/peng/frwine/Cache/Runtime/Admin/Cache/9f95534465ee3a122f4b1599c857cceb.php 第 65 行.
NOTIC: [8] Undefined index: cidName /var/www/peng/frwine/Cache/Runtime/Admin/Cache/9f95534465ee3a122f4b1599c857cceb.php 第 66 行.
NOTIC: [8] Undefined index: status /var/www/peng/frwine/Cache/Runtime/Admin/Cache/9f95534465ee3a122f4b1599c857cceb.php 第 67 行.
NOTIC: [8] Undefined index: published /var/www/peng/frwine/Cache/Runtime/Admin/Cache/9f95534465ee3a122f4b1599c857cceb.php 第 68 行.
NOTIC: [8] Undefined index: aidName /var/www/peng/frwine/Cache/Runtime/Admin/Cache/9f95534465ee3a122f4b1599c857cceb.php 第 69 行.
NOTIC: [8] Undefined index: title /var/www/peng/frwine/Cache/Runtime/Admin/Cache/9f95534465ee3a122f4b1599c857cceb.php 第 70 行.
NOTIC: [8] Undefined index: icp /var/www/peng/frwine/Cache/Runtime/Admin/Cache/9f95534465ee3a122f4b1599c857cceb.php 第 81 行.
INFO: Run ParseTemplate Behavior [ RunTime:0.008408s ]
INFO: [ view_parse ] --END-- [ RunTime:0.008467s ]
INFO: [ view_filter ] --START--
INFO: Run ContentReplace Behavior [ RunTime:0.000221s ]
INFO: Run TokenBuild Behavior [ RunTime:0.000192s ]
INFO: Run WriteHtmlCache Behavior [ RunTime:0.000102s ]
INFO: Run ShowRuntime Behavior [ RunTime:0.000224s ]
INFO: [ view_filter ] --END-- [ RunTime:0.000848s ]
INFO: [ view_end ] --START--
INFO: Run ShowPageTrace Behavior [ RunTime:0.000302s ]
INFO: [ view_end ] --END-- [ RunTime:0.000341s ]

[ 2014-01-02T18:30:15+08:00 ] 127.0.0.1 /system.php/Dictionary/index
INFO: [ route_check ] --START--
INFO: Run CheckRoute Behavior [ RunTime:0.000442s ]
INFO: [ route_check ] --END-- [ RunTime:0.000515s ]
INFO: [ app_begin ] --START--
INFO: Run ReadHtmlCache Behavior [ RunTime:0.000256s ]
INFO: [ app_begin ] --END-- [ RunTime:0.000296s ]
SQL: SHOW COLUMNS FROM `frw_dictionary` [ RunTime:0.000490s ]
SQL: SELECT COUNT(*) AS tp_count FROM `frw_dictionary` LIMIT 1   [ RunTime:0.000047s ]
SQL: SHOW COLUMNS FROM `frw_dictionary` [ RunTime:0.000466s ]
SQL: SELECT `id`,`frname`,`chname`,`description`,`region`,`update_time` FROM `frw_dictionary` ORDER BY `id` DESC LIMIT 0 , 20   [ RunTime:0.000050s ]
INFO: [ view_template ] --START--
INFO: Run LocationTemplate Behavior [ RunTime:0.000196s ]
INFO: [ view_template ] --END-- [ RunTime:0.000237s ]
INFO: [ view_parse ] --START--
NOTIC: [8] Undefined variable: QRcodeUrl /var/www/peng/frwine/Cache/Runtime/Admin/Cache/9f95534465ee3a122f4b1599c857cceb.php 第 46 行.
NOTIC: [8] Undefined index: title /var/www/peng/frwine/Cache/Runtime/Admin/Cache/9f95534465ee3a122f4b1599c857cceb.php 第 65 行.
NOTIC: [8] Undefined index: cidName /var/www/peng/frwine/Cache/Runtime/Admin/Cache/9f95534465ee3a122f4b1599c857cceb.php 第 66 行.
NOTIC: [8] Undefined index: status /var/www/peng/frwine/Cache/Runtime/Admin/Cache/9f95534465ee3a122f4b1599c857cceb.php 第 67 行.
NOTIC: [8] Undefined index: published /var/www/peng/frwine/Cache/Runtime/Admin/Cache/9f95534465ee3a122f4b1599c857cceb.php 第 68 行.
NOTIC: [8] Undefined index: aidName /var/www/peng/frwine/Cache/Runtime/Admin/Cache/9f95534465ee3a122f4b1599c857cceb.php 第 69 行.
NOTIC: [8] Undefined index: title /var/www/peng/frwine/Cache/Runtime/Admin/Cache/9f95534465ee3a122f4b1599c857cceb.php 第 70 行.
NOTIC: [8] Undefined index: icp /var/www/peng/frwine/Cache/Runtime/Admin/Cache/9f95534465ee3a122f4b1599c857cceb.php 第 81 行.
INFO: Run ParseTemplate Behavior [ RunTime:0.008999s ]
INFO: [ view_parse ] --END-- [ RunTime:0.009080s ]
INFO: [ view_filter ] --START--
INFO: Run ContentReplace Behavior [ RunTime:0.000248s ]
INFO: Run TokenBuild Behavior [ RunTime:0.000210s ]
INFO: Run WriteHtmlCache Behavior [ RunTime:0.000109s ]
INFO: Run ShowRuntime Behavior [ RunTime:0.000231s ]
INFO: [ view_filter ] --END-- [ RunTime:0.000914s ]
INFO: [ view_end ] --START--
INFO: Run ShowPageTrace Behavior [ RunTime:0.000324s ]
INFO: [ view_end ] --END-- [ RunTime:0.000366s ]

[ 2014-01-02T18:30:18+08:00 ] 127.0.0.1 /system.php/News/index
INFO: [ route_check ] --START--
INFO: Run CheckRoute Behavior [ RunTime:0.000429s ]
INFO: [ route_check ] --END-- [ RunTime:0.000502s ]
INFO: [ app_begin ] --START--
INFO: Run ReadHtmlCache Behavior [ RunTime:0.000257s ]
INFO: [ app_begin ] --END-- [ RunTime:0.000297s ]
SQL: SHOW COLUMNS FROM `frw_news` [ RunTime:0.000589s ]
SQL: SELECT COUNT(*) AS tp_count FROM `frw_news` LIMIT 1   [ RunTime:0.000049s ]
SQL: SHOW COLUMNS FROM `frw_news` [ RunTime:0.000570s ]
SQL: SELECT `id`,`title`,`status`,`published`,`cid`,`aid` FROM `frw_news` ORDER BY `published` DESC LIMIT 0 , 20   [ RunTime:0.000052s ]
SQL: SHOW COLUMNS FROM `frw_admin` [ RunTime:0.000494s ]
SQL: SELECT `aid`,`email`,`nickname` FROM `frw_admin`  [ RunTime:0.000051s ]
SQL: SHOW COLUMNS FROM `frw_category` [ RunTime:0.000371s ]
SQL: SELECT `cid`,`name` FROM `frw_category`  [ RunTime:0.000052s ]
INFO: [ view_template ] --START--
INFO: Run LocationTemplate Behavior [ RunTime:0.000222s ]
INFO: [ view_template ] --END-- [ RunTime:0.000268s ]
INFO: [ view_parse ] --START--
NOTIC: [8] Undefined variable: QRcodeUrl /var/www/peng/frwine/Cache/Runtime/Admin/Cache/d3b5b5fcdd16b0cc54b5c023ccef8190.php 第 46 行.
NOTIC: [8] Undefined index: icp /var/www/peng/frwine/Cache/Runtime/Admin/Cache/d3b5b5fcdd16b0cc54b5c023ccef8190.php 第 81 行.
INFO: Run ParseTemplate Behavior [ RunTime:0.008863s ]
INFO: [ view_parse ] --END-- [ RunTime:0.008920s ]
INFO: [ view_filter ] --START--
INFO: Run ContentReplace Behavior [ RunTime:0.000232s ]
INFO: Run TokenBuild Behavior [ RunTime:0.000209s ]
INFO: Run WriteHtmlCache Behavior [ RunTime:0.000107s ]
INFO: Run ShowRuntime Behavior [ RunTime:0.000241s ]
INFO: [ view_filter ] --END-- [ RunTime:0.000908s ]
INFO: [ view_end ] --START--
INFO: Run ShowPageTrace Behavior [ RunTime:0.000321s ]
INFO: [ view_end ] --END-- [ RunTime:0.000363s ]

[ 2014-01-02T18:30:20+08:00 ] 127.0.0.1 /system.php/News/index
INFO: [ route_check ] --START--
INFO: Run CheckRoute Behavior [ RunTime:0.000433s ]
INFO: [ route_check ] --END-- [ RunTime:0.000504s ]
INFO: [ app_begin ] --START--
INFO: Run ReadHtmlCache Behavior [ RunTime:0.000258s ]
INFO: [ app_begin ] --END-- [ RunTime:0.000298s ]
SQL: SHOW COLUMNS FROM `frw_news` [ RunTime:0.000570s ]
SQL: SELECT COUNT(*) AS tp_count FROM `frw_news` LIMIT 1   [ RunTime:0.000047s ]
SQL: SHOW COLUMNS FROM `frw_news` [ RunTime:0.000539s ]
SQL: SELECT `id`,`title`,`status`,`published`,`cid`,`aid` FROM `frw_news` ORDER BY `published` DESC LIMIT 0 , 20   [ RunTime:0.000052s ]
SQL: SHOW COLUMNS FROM `frw_admin` [ RunTime:0.000464s ]
SQL: SELECT `aid`,`email`,`nickname` FROM `frw_admin`  [ RunTime:0.000049s ]
SQL: SHOW COLUMNS FROM `frw_category` [ RunTime:0.000352s ]
SQL: SELECT `cid`,`name` FROM `frw_category`  [ RunTime:0.000052s ]
INFO: [ view_template ] --START--
INFO: Run LocationTemplate Behavior [ RunTime:0.000218s ]
INFO: [ view_template ] --END-- [ RunTime:0.000265s ]
INFO: [ view_parse ] --START--
NOTIC: [8] Undefined variable: QRcodeUrl /var/www/peng/frwine/Cache/Runtime/Admin/Cache/d3b5b5fcdd16b0cc54b5c023ccef8190.php 第 46 行.
NOTIC: [8] Undefined index: icp /var/www/peng/frwine/Cache/Runtime/Admin/Cache/d3b5b5fcdd16b0cc54b5c023ccef8190.php 第 81 行.
INFO: Run ParseTemplate Behavior [ RunTime:0.008968s ]
INFO: [ view_parse ] --END-- [ RunTime:0.009023s ]
INFO: [ view_filter ] --START--
INFO: Run ContentReplace Behavior [ RunTime:0.000229s ]
INFO: Run TokenBuild Behavior [ RunTime:0.000212s ]
INFO: Run WriteHtmlCache Behavior [ RunTime:0.000110s ]
INFO: Run ShowRuntime Behavior [ RunTime:0.000229s ]
INFO: [ view_filter ] --END-- [ RunTime:0.000898s ]
INFO: [ view_end ] --START--
INFO: Run ShowPageTrace Behavior [ RunTime:0.000540s ]
INFO: [ view_end ] --END-- [ RunTime:0.000581s ]

[ 2014-01-02T18:30:21+08:00 ] 127.0.0.1 /system.php/Dictionary/index
INFO: [ route_check ] --START--
INFO: Run CheckRoute Behavior [ RunTime:0.000455s ]
INFO: [ route_check ] --END-- [ RunTime:0.000530s ]
INFO: [ app_begin ] --START--
INFO: Run ReadHtmlCache Behavior [ RunTime:0.000261s ]
INFO: [ app_begin ] --END-- [ RunTime:0.000303s ]
SQL: SHOW COLUMNS FROM `frw_dictionary` [ RunTime:0.000470s ]
SQL: SELECT COUNT(*) AS tp_count FROM `frw_dictionary` LIMIT 1   [ RunTime:0.000047s ]
SQL: SHOW COLUMNS FROM `frw_dictionary` [ RunTime:0.000450s ]
SQL: SELECT `id`,`frname`,`chname`,`description`,`region`,`update_time` FROM `frw_dictionary` ORDER BY `id` DESC LIMIT 0 , 20   [ RunTime:0.000050s ]
INFO: [ view_template ] --START--
INFO: Run LocationTemplate Behavior [ RunTime:0.000194s ]
INFO: [ view_template ] --END-- [ RunTime:0.000236s ]
INFO: [ view_parse ] --START--
NOTIC: [8] Undefined variable: QRcodeUrl /var/www/peng/frwine/Cache/Runtime/Admin/Cache/9f95534465ee3a122f4b1599c857cceb.php 第 46 行.
NOTIC: [8] Undefined index: title /var/www/peng/frwine/Cache/Runtime/Admin/Cache/9f95534465ee3a122f4b1599c857cceb.php 第 65 行.
NOTIC: [8] Undefined index: cidName /var/www/peng/frwine/Cache/Runtime/Admin/Cache/9f95534465ee3a122f4b1599c857cceb.php 第 66 行.
NOTIC: [8] Undefined index: status /var/www/peng/frwine/Cache/Runtime/Admin/Cache/9f95534465ee3a122f4b1599c857cceb.php 第 67 行.
NOTIC: [8] Undefined index: published /var/www/peng/frwine/Cache/Runtime/Admin/Cache/9f95534465ee3a122f4b1599c857cceb.php 第 68 行.
NOTIC: [8] Undefined index: aidName /var/www/peng/frwine/Cache/Runtime/Admin/Cache/9f95534465ee3a122f4b1599c857cceb.php 第 69 行.
NOTIC: [8] Undefined index: title /var/www/peng/frwine/Cache/Runtime/Admin/Cache/9f95534465ee3a122f4b1599c857cceb.php 第 70 行.
NOTIC: [8] Undefined index: icp /var/www/peng/frwine/Cache/Runtime/Admin/Cache/9f95534465ee3a122f4b1599c857cceb.php 第 81 行.
INFO: Run ParseTemplate Behavior [ RunTime:0.008506s ]
INFO: [ view_parse ] --END-- [ RunTime:0.008565s ]
INFO: [ view_filter ] --START--
INFO: Run ContentReplace Behavior [ RunTime:0.000220s ]
INFO: Run TokenBuild Behavior [ RunTime:0.000191s ]
INFO: Run WriteHtmlCache Behavior [ RunTime:0.000100s ]
INFO: Run ShowRuntime Behavior [ RunTime:0.000214s ]
INFO: [ view_filter ] --END-- [ RunTime:0.000835s ]
INFO: [ view_end ] --START--
INFO: Run ShowPageTrace Behavior [ RunTime:0.000299s ]
INFO: [ view_end ] --END-- [ RunTime:0.000337s ]

